2022-08-17 10:47:56,844 INFO org.springframework.boot.StartupInfoLogger [main] Starting NewysApplication using Java 17.0.3 on ENDAUTOM7jvgY6O with PID 88560 (C:\Users\lkamenjas\bootcamp\java-bootcamp-demo\target\classes started by lkamenjas in C:\Users\lkamenjas\bootcamp\java-bootcamp-demo)
2022-08-17 10:47:56,847 DEBUG org.springframework.boot.StartupInfoLogger [main] Running with Spring Boot v2.7.2, Spring v5.3.22
2022-08-17 10:47:56,848 INFO org.springframework.boot.SpringApplication [main] No active profile set, falling back to 1 default profile: "default"
2022-08-17 10:47:57,698 INFO org.springframework.data.repository.config.RepositoryConfigurationDelegate [main] Bootstrapping Spring Data JPA repositories in DEFAULT mode.
2022-08-17 10:47:57,762 INFO org.springframework.data.repository.config.RepositoryConfigurationDelegate [main] Finished Spring Data repository scanning in 53 ms. Found 3 JPA repository interfaces.
2022-08-17 10:47:58,167 INFO org.springframework.boot.web.embedded.tomcat.TomcatWebServer [main] Tomcat initialized with port(s): 8080 (http)
2022-08-17 10:47:58,175 INFO org.apache.juli.logging.DirectJDKLog [main] Initializing ProtocolHandler ["http-nio-8080"]
2022-08-17 10:47:58,175 INFO org.apache.juli.logging.DirectJDKLog [main] Starting service [Tomcat]
2022-08-17 10:47:58,176 INFO org.apache.juli.logging.DirectJDKLog [main] Starting Servlet engine: [Apache Tomcat/9.0.65]
2022-08-17 10:47:58,282 INFO org.apache.juli.logging.DirectJDKLog [main] Initializing Spring embedded WebApplicationContext
2022-08-17 10:47:58,282 INFO org.springframework.boot.web.servlet.context.ServletWebServerApplicationContext [main] Root WebApplicationContext: initialization completed in 1385 ms
2022-08-17 10:47:58,314 INFO com.zaxxer.hikari.HikariDataSource [main] HikariPool-1 - Starting...
2022-08-17 10:47:58,425 INFO com.zaxxer.hikari.HikariDataSource [main] HikariPool-1 - Start completed.
2022-08-17 10:47:58,435 INFO org.springframework.boot.autoconfigure.h2.H2ConsoleAutoConfiguration [main] H2 console available at '/h2-console'. Database available at 'jdbc:h2:mem:localdb'
2022-08-17 10:47:58,545 INFO org.hibernate.jpa.internal.util.LogHelper [main] HHH000204: Processing PersistenceUnitInfo [name: default]
2022-08-17 10:47:58,583 INFO org.hibernate.Version [main] HHH000412: Hibernate ORM core version 5.6.10.Final
2022-08-17 10:47:58,696 INFO org.hibernate.annotations.common.reflection.java.JavaReflectionManager [main] HCANN000001: Hibernate Commons Annotations {5.1.2.Final}
2022-08-17 10:47:58,775 INFO org.hibernate.dialect.Dialect [main] HHH000400: Using dialect: org.hibernate.dialect.H2Dialect
2022-08-17 10:47:59,347 INFO org.hibernate.engine.transaction.jta.platform.internal.JtaPlatformInitiator [main] HHH000490: Using JtaPlatform implementation: [org.hibernate.engine.transaction.jta.platform.internal.NoJtaPlatform]
2022-08-17 10:47:59,354 INFO org.springframework.orm.jpa.AbstractEntityManagerFactoryBean [main] Initialized JPA EntityManagerFactory for persistence unit 'default'
2022-08-17 10:47:59,796 WARN org.springframework.boot.autoconfigure.orm.jpa.JpaBaseConfiguration$JpaWebConfiguration [main] spring.jpa.open-in-view is enabled by default. Therefore, database queries may be performed during view rendering. Explicitly configure spring.jpa.open-in-view to disable this warning
2022-08-17 10:47:59,984 INFO org.apache.juli.logging.DirectJDKLog [main] Starting ProtocolHandler ["http-nio-8080"]
2022-08-17 10:48:00,004 INFO org.springframework.boot.web.embedded.tomcat.TomcatWebServer [main] Tomcat started on port(s): 8080 (http) with context path ''
2022-08-17 10:48:00,015 INFO org.springframework.boot.StartupInfoLogger [main] Started NewysApplication in 3.592 seconds (JVM running for 6.026)
2022-08-17 10:51:02,084 INFO org.apache.juli.logging.DirectJDKLog [http-nio-8080-exec-2] Initializing Spring DispatcherServlet 'dispatcherServlet'
2022-08-17 10:51:02,084 INFO org.springframework.web.servlet.FrameworkServlet [http-nio-8080-exec-2] Initializing Servlet 'dispatcherServlet'
2022-08-17 10:51:02,086 INFO org.springframework.web.servlet.FrameworkServlet [http-nio-8080-exec-2] Completed initialization in 1 ms
2022-08-17 10:51:02,112 INFO bootcamp.five.agency.newys.examplepackage.DummyController [http-nio-8080-exec-2] I'm writing info here!
2022-08-17 10:51:02,113 DEBUG bootcamp.five.agency.newys.examplepackage.DummyController [http-nio-8080-exec-2] I'm also writing something for the debug!
2022-08-17 10:56:32,022 INFO org.springframework.orm.jpa.AbstractEntityManagerFactoryBean [SpringApplicationShutdownHook] Closing JPA EntityManagerFactory for persistence unit 'default'
2022-08-17 10:56:32,025 INFO com.zaxxer.hikari.HikariDataSource [SpringApplicationShutdownHook] HikariPool-1 - Shutdown initiated...
2022-08-17 10:56:32,029 INFO com.zaxxer.hikari.HikariDataSource [SpringApplicationShutdownHook] HikariPool-1 - Shutdown completed.
